d:\workspace\southproject01\debug\vc140.pdb
d:\workspace\southproject01\debug\vc140.idb
d:\workspace\southproject01\debug\audiomanager.obj
d:\workspace\southproject01\debug\game.obj
d:\workspace\southproject01\debug\gamestatemachine.obj
d:\workspace\southproject01\debug\inputhandler.obj
d:\workspace\southproject01\debug\main.obj
d:\workspace\southproject01\debug\menustate.obj
d:\workspace\southproject01\debug\playstate.obj
d:\workspace\southproject01\debug\sdlgameobject.obj
d:\workspace\southproject01\debug\stateparser.obj
d:\workspace\southproject01\debug\texturemanager.obj
d:\workspace\southproject01\debug\tinystr.obj
d:\workspace\southproject01\debug\tinyxml.obj
d:\workspace\southproject01\debug\tinyxmlerror.obj
d:\workspace\southproject01\debug\tinyxmlparser.obj
d:\workspace\southproject01\debug\mainmenustate.obj
d:\workspace\southproject01\debug\pausemenu.obj
d:\workspace\southproject01\debug\button.obj
d:\workspace\southproject01\debug\gameobjectfactory.obj
d:\workspace\southproject01\debug\level.obj
d:\workspace\southproject01\debug\objectlayer.obj
d:\workspace\southproject01\debug\collisionmanager.obj
d:\workspace\southproject01\debug\levelparser.obj
d:\workspace\southproject01\debug\bullethandler.obj
d:\workspace\southproject01\debug\player.obj
d:\workspace\southproject01\debug\shooterobject.obj
d:\workspace\southproject01\debug\southproject01.ilk
d:\workspace\southproject01\debug\southproject01.exe
d:\workspace\southproject01\debug\southproject01.pdb
d:\workspace\southproject01\debug\southproject01.tlog\cl.command.1.tlog
d:\workspace\southproject01\debug\southproject01.tlog\cl.read.1.tlog
d:\workspace\southproject01\debug\southproject01.tlog\cl.write.1.tlog
d:\workspace\southproject01\debug\southproject01.tlog\link.command.1.tlog
d:\workspace\southproject01\debug\southproject01.tlog\link.read.1.tlog
d:\workspace\southproject01\debug\southproject01.tlog\link.write.1.tlog
